#-----------------------------------------------------------
# Vivado v2020.2 (64-bit)
# SW Build 3064766 on Wed Nov 18 09:12:45 MST 2020
# IP Build 3064653 on Wed Nov 18 14:17:31 MST 2020
# Start of session at: Sat May  7 22:31:19 2022
# Process ID: 1800
# Current directory: C:/Users/Vlad/Desktop/Full_counter
# Command line: vivado.exe -gui_launcher_event rodinguilauncherevent15092 C:\Users\Vlad\Desktop\Full_counter\Full_counter.xpr
# Log file: C:/Users/Vlad/Desktop/Full_counter/vivado.log
# Journal file: C:/Users/Vlad/Desktop/Full_counter\vivado.jou
#-----------------------------------------------------------
start_gui
open_project C:/Users/Vlad/Desktop/Full_counter/Full_counter.xpr
WARNING: [filemgmt 56-3] Default IP Output Path : Could not find the directory 'C:/Users/Vlad/Desktop/Full_counter/Full_counter.gen/sources_1'.
Scanning sources...
Finished scanning sources
INFO: [IP_Flow 19-234] Refreshing IP repositories
INFO: [IP_Flow 19-1704] No user IP repositories specified
INFO: [IP_Flow 19-2313] Loaded Vivado IP repository 'C:/Xilinx/Vivado/2020.2/data/ip'.
open_project: Time (s): cpu = 00:00:15 ; elapsed = 00:00:07 . Memory (MB): peak = 1004.734 ; gain = 0.000
update_compile_order -fileset sources_1
archive_project C:/Users/Vlad/Desktop/Full_counter.xpr.zip -temp_dir C:/Users/Vlad/Desktop/Full_counter/.Xil/Vivado-1800-DESKTOP-6NERFI5 -force -include_local_ip_cache
INFO: [Coretcl 2-137] starting archive...
INFO: [Coretcl 2-1499] Saving project copy to temporary location 'C:/Users/Vlad/Desktop/Full_counter/.Xil/Vivado-1800-DESKTOP-6NERFI5' for archiving project
WARNING: [filemgmt 56-3] Default IP Output Path : Could not find the directory 'C:/Users/Vlad/Desktop/Full_counter/Full_counter.gen/sources_1'.
Scanning sources...
Finished scanning sources
INFO: [Coretcl 2-1211] Creating project copy for archival...
INFO: [Coretcl 2-1213] Including run results for 'synth_1'
INFO: [Coretcl 2-1213] Including run results for 'impl_1'
INFO: [Coretcl 2-1209] Adding archive summary file to the project...
INFO: [Coretcl 2-1214] Preparing project files for archive...
INFO: [Coretcl 2-1210] Compressing project files and data...
INFO: [Coretcl 2-1215] Project archived (C:/Users/Vlad/Desktop/Full_counter.xpr.zip)
INFO: [Coretcl 2-1216] To view the archive summary log in GUI, double click on 'Design Sources->Text->archive_project_summary.txt', or open this file from the archived project directory.
exit
INFO: [Common 17-206] Exiting Vivado at Sat May  7 22:43:55 2022...
