#-----------------------------------------------------------
# Vivado v2020.2 (64-bit)
# SW Build 3064766 on Wed Nov 18 09:12:45 MST 2020
# IP Build 3064653 on Wed Nov 18 14:17:31 MST 2020
# Start of session at: Tue May  3 19:45:06 2022
# Process ID: 26084
# Current directory: C:/Users/Vlad/Desktop/Full_counter
# Command line: vivado.exe -gui_launcher_event rodinguilauncherevent12780 C:\Users\Vlad\Desktop\Full_counter\Full_counter.xpr
# Log file: C:/Users/Vlad/Desktop/Full_counter/vivado.log
# Journal file: C:/Users/Vlad/Desktop/Full_counter\vivado.jou
#-----------------------------------------------------------
start_gui
open_project C:/Users/Vlad/Desktop/Full_counter/Full_counter.xpr
WARNING: [filemgmt 56-3] Default IP Output Path : Could not find the directory 'C:/Users/Vlad/Desktop/Full_counter/Full_counter.gen/sources_1'.
Scanning sources...
Finished scanning sources
INFO: [IP_Flow 19-234] Refreshing IP repositories
INFO: [IP_Flow 19-1704] No user IP repositories specified
INFO: [IP_Flow 19-2313] Loaded Vivado IP repository 'C:/Xilinx/Vivado/2020.2/data/ip'.
open_project: Time (s): cpu = 00:00:12 ; elapsed = 00:00:05 . Memory (MB): peak = 1004.598 ; gain = 0.000
update_compile_order -fileset sources_1
launch_simulation
Command: launch_simulation 
INFO: [Vivado 12-5682] Launching behavioral simulation in 'C:/Users/Vlad/Desktop/Full_counter/Full_counter.sim/sim_1/behav/xsim'
INFO: [SIM-utils-51] Simulation object is 'sim_1'
INFO: [SIM-utils-54] Inspecting design source files for 'TB' in fileset 'sim_1'...
INFO: [USF-XSim-97] Finding global include files...
INFO: [USF-XSim-98] Fetching design files from 'sim_1'...
INFO: [USF-XSim-2] XSim::Compile design
INFO: [USF-XSim-61] Executing 'COMPILE and ANALYZE' step in 'C:/Users/Vlad/Desktop/Full_counter/Full_counter.sim/sim_1/behav/xsim'
"xvlog --incr --relax -prj TB_vlog.prj"
INFO: [VRFC 10-2263] Analyzing Verilog file "C:/Users/Vlad/Desktop/Full_counter/Full_counter.srcs/sources_1/new/D_FF_reset.v" into library xil_defaultlib
INFO: [VRFC 10-311] analyzing module D_FF_reset
INFO: [VRFC 10-2263] Analyzing Verilog file "C:/Users/Vlad/Desktop/Full_counter/Full_counter.srcs/sources_1/new/INC_n.v" into library xil_defaultlib
INFO: [VRFC 10-311] analyzing module INC_n
INFO: [VRFC 10-2263] Analyzing Verilog file "C:/Users/Vlad/Desktop/Full_counter/Full_counter.srcs/sources_1/new/TOP.v" into library xil_defaultlib
INFO: [VRFC 10-311] analyzing module TOP
INFO: [VRFC 10-2263] Analyzing Verilog file "C:/Users/Vlad/Desktop/Full_counter/Full_counter.srcs/sim_1/new/TB.v" into library xil_defaultlib
INFO: [VRFC 10-311] analyzing module TB
INFO: [USF-XSim-69] 'compile' step finished in '2' seconds
INFO: [USF-XSim-3] XSim::Elaborate design
INFO: [USF-XSim-61] Executing 'ELABORATE' step in 'C:/Users/Vlad/Desktop/Full_counter/Full_counter.sim/sim_1/behav/xsim'
"xelab -wto ba22106227d24b2db111cc21db134c31 --incr --debug typical --relax --mt 2 -L xil_defaultlib -L unisims_ver -L unimacro_ver -L secureip --snapshot TB_behav xil_defaultlib.TB xil_defaultlib.glbl -log elaborate.log"
Vivado Simulator 2020.2
Copyright 1986-1999, 2001-2020 Xilinx, Inc. All Rights Reserved.
Running: C:/Xilinx/Vivado/2020.2/bin/unwrapped/win64.o/xelab.exe -wto ba22106227d24b2db111cc21db134c31 --incr --debug typical --relax --mt 2 -L xil_defaultlib -L unisims_ver -L unimacro_ver -L secureip --snapshot TB_behav xil_defaultlib.TB xil_defaultlib.glbl -log elaborate.log 
Using 2 slave threads.
Starting static elaboration
Pass Through NonSizing Optimizer
Completed static elaboration
Starting simulation data flow analysis
Completed simulation data flow analysis
Time Resolution for simulation is 1ps
Compiling module xil_defaultlib.INC_n
Compiling module xil_defaultlib.D_FF_reset
Compiling module xil_defaultlib.TOP
Compiling module xil_defaultlib.TB
Compiling module xil_defaultlib.glbl
Built simulation snapshot TB_behav
INFO: [USF-XSim-69] 'elaborate' step finished in '2' seconds
INFO: [USF-XSim-4] XSim::Simulate design
INFO: [USF-XSim-61] Executing 'SIMULATE' step in 'C:/Users/Vlad/Desktop/Full_counter/Full_counter.sim/sim_1/behav/xsim'
INFO: [USF-XSim-98] *** Running xsim
   with args "TB_behav -key {Behavioral:sim_1:Functional:TB} -tclbatch {TB.tcl} -log {simulate.log}"
INFO: [USF-XSim-8] Loading simulator feature
Vivado Simulator 2020.2
Time resolution is 1 ps
source TB.tcl
# set curr_wave [current_wave_config]
# if { [string length $curr_wave] == 0 } {
#   if { [llength [get_objects]] > 0} {
#     add_wave /
#     set_property needs_save false [current_wave_config]
#   } else {
#      send_msg_id Add_Wave-1 WARNING "No top level signals found. Simulator will start without a wave window. If you want to open a wave window go to 'File->New Waveform Configuration' or type 'create_wave_config' in the TCL console."
#   }
# }
# run 1000ns
$stop called at time : 300 ns : File "C:/Users/Vlad/Desktop/Full_counter/Full_counter.srcs/sim_1/new/TB.v" Line 82
INFO: [USF-XSim-96] XSim completed. Design snapshot 'TB_behav' loaded.
INFO: [USF-XSim-97] XSim simulation ran for 1000ns
launch_simulation: Time (s): cpu = 00:00:06 ; elapsed = 00:00:08 . Memory (MB): peak = 1004.598 ; gain = 0.000
close_sim
INFO: [Simtcl 6-16] Simulation closed
exit
INFO: [Common 17-206] Exiting Vivado at Tue May  3 20:04:56 2022...
