#-----------------------------------------------------------
# Vivado v2020.2 (64-bit)
# SW Build 3064766 on Wed Nov 18 09:12:45 MST 2020
# IP Build 3064653 on Wed Nov 18 14:17:31 MST 2020
# Start of session at: Thu May 26 11:50:51 2022
# Process ID: 18536
# Current directory: C:/Users/Vlad/Desktop/pass_checker
# Command line: vivado.exe -gui_launcher_event rodinguilauncherevent14900 C:\Users\Vlad\Desktop\pass_checker\pass_checker.xpr
# Log file: C:/Users/Vlad/Desktop/pass_checker/vivado.log
# Journal file: C:/Users/Vlad/Desktop/pass_checker\vivado.jou
#-----------------------------------------------------------
start_gui
open_project C:/Users/Vlad/Desktop/pass_checker/pass_checker.xpr
INFO: [Project 1-313] Project file moved from '/home/student/.Xil/Vivado-62127-HP-ProOne-600-G1-AiO/PrjAr/_X_' since last save.
WARNING: [filemgmt 56-2] Default IP Output Path : Could not find the directory 'C:/Users/Vlad/Desktop/pass_checker/pass_checker.gen/sources_1', nor could it be found using path 'C:/home/student/.Xil/Vivado-62127-HP-ProOne-600-G1-AiO/PrjAr/_X_/pass_checker.gen/sources_1'.
Scanning sources...
Finished scanning sources
INFO: [IP_Flow 19-234] Refreshing IP repositories
INFO: [IP_Flow 19-1704] No user IP repositories specified
INFO: [IP_Flow 19-2313] Loaded Vivado IP repository 'C:/Xilinx/Vivado/2020.2/data/ip'.
open_project: Time (s): cpu = 00:00:34 ; elapsed = 00:00:32 . Memory (MB): peak = 1014.629 ; gain = 0.000
update_compile_order -fileset sources_1
close_project
open_project C:/Users/Vlad/Desktop/miniprocesor/miniprocesor.xpr
WARNING: [filemgmt 56-3] Default IP Output Path : Could not find the directory 'C:/Users/Vlad/Desktop/miniprocesor/miniprocesor.gen/sources_1'.
Scanning sources...
Finished scanning sources
INFO: [IP_Flow 19-234] Refreshing IP repositories
INFO: [IP_Flow 19-1704] No user IP repositories specified
INFO: [IP_Flow 19-2313] Loaded Vivado IP repository 'C:/Xilinx/Vivado/2020.2/data/ip'.
update_compile_order -fileset sources_1
exit
INFO: [Common 17-206] Exiting Vivado at Thu May 26 12:00:47 2022...
