INFO: [VRFC 10-2263] Analyzing Verilog file "C:/Users/Vlad/Desktop/pseudo_nr_generator/pseudo_nr_generator.srcs/sources_1/new/FSM.v" into library xil_defaultlib
INFO: [VRFC 10-311] analyzing module FSM
INFO: [VRFC 10-2263] Analyzing Verilog file "C:/Users/Vlad/Desktop/pseudo_nr_generator/pseudo_nr_generator.srcs/sources_1/new/TOP.v" into library xil_defaultlib
INFO: [VRFC 10-311] analyzing module TOP
INFO: [VRFC 10-2263] Analyzing Verilog file "C:/Users/Vlad/Desktop/pseudo_nr_generator/pseudo_nr_generator.srcs/sources_1/new/T_FF.v" into library xil_defaultlib
INFO: [VRFC 10-311] analyzing module T_FF
INFO: [VRFC 10-2263] Analyzing Verilog file "C:/Users/Vlad/Desktop/pseudo_nr_generator/pseudo_nr_generator.srcs/sources_1/new/counter.v" into library xil_defaultlib
INFO: [VRFC 10-311] analyzing module counter
INFO: [VRFC 10-2263] Analyzing Verilog file "C:/Users/Vlad/Desktop/pseudo_nr_generator/pseudo_nr_generator.srcs/sources_1/new/delay_reg.v" into library xil_defaultlib
INFO: [VRFC 10-311] analyzing module delay_reg
INFO: [VRFC 10-2263] Analyzing Verilog file "C:/Users/Vlad/Desktop/pseudo_nr_generator/pseudo_nr_generator.srcs/sources_1/new/desen.v" into library xil_defaultlib
INFO: [VRFC 10-311] analyzing module desen
INFO: [VRFC 10-2263] Analyzing Verilog file "C:/Users/Vlad/Desktop/pseudo_nr_generator/pseudo_nr_generator.srcs/sources_1/new/funct.v" into library xil_defaultlib
INFO: [VRFC 10-311] analyzing module funct
INFO: [VRFC 10-2263] Analyzing Verilog file "C:/Users/Vlad/Desktop/pseudo_nr_generator/pseudo_nr_generator.srcs/sources_1/new/lut.v" into library xil_defaultlib
INFO: [VRFC 10-311] analyzing module lut
INFO: [VRFC 10-2263] Analyzing Verilog file "C:/Users/Vlad/Desktop/pseudo_nr_generator/pseudo_nr_generator.srcs/sources_1/new/mux_4b.v" into library xil_defaultlib
INFO: [VRFC 10-311] analyzing module mux_4b
INFO: [VRFC 10-2263] Analyzing Verilog file "C:/Users/Vlad/Desktop/pseudo_nr_generator/pseudo_nr_generator.srcs/sources_1/new/ram.v" into library xil_defaultlib
INFO: [VRFC 10-311] analyzing module ram
INFO: [VRFC 10-2263] Analyzing Verilog file "C:/Users/Vlad/Desktop/pseudo_nr_generator/pseudo_nr_generator.srcs/sources_1/new/structural.v" into library xil_defaultlib
INFO: [VRFC 10-311] analyzing module structural
INFO: [VRFC 10-2263] Analyzing Verilog file "C:/Users/Vlad/Desktop/pseudo_nr_generator/pseudo_nr_generator.srcs/sim_1/new/TB.v" into library xil_defaultlib
INFO: [VRFC 10-311] analyzing module TB
