#-----------------------------------------------------------
# Vivado v2020.2 (64-bit)
# SW Build 3064766 on Wed Nov 18 09:12:45 MST 2020
# IP Build 3064653 on Wed Nov 18 14:17:31 MST 2020
# Start of session at: Sat May 21 18:31:56 2022
# Process ID: 18768
# Current directory: C:/Users/Vlad/Desktop/Rom_luts
# Command line: vivado.exe -gui_launcher_event rodinguilauncherevent20932 C:\Users\Vlad\Desktop\Rom_luts\Rom_luts.xpr
# Log file: C:/Users/Vlad/Desktop/Rom_luts/vivado.log
# Journal file: C:/Users/Vlad/Desktop/Rom_luts\vivado.jou
#-----------------------------------------------------------
start_gui
open_project C:/Users/Vlad/Desktop/Rom_luts/Rom_luts.xpr
WARNING: [filemgmt 56-3] Default IP Output Path : Could not find the directory 'C:/Users/Vlad/Desktop/Rom_luts/Rom_luts.gen/sources_1'.
Scanning sources...
Finished scanning sources
INFO: [IP_Flow 19-234] Refreshing IP repositories
INFO: [IP_Flow 19-1704] No user IP repositories specified
INFO: [IP_Flow 19-2313] Loaded Vivado IP repository 'C:/Xilinx/Vivado/2020.2/data/ip'.
open_project: Time (s): cpu = 00:00:12 ; elapsed = 00:00:05 . Memory (MB): peak = 1005.410 ; gain = 0.000
update_compile_order -fileset sources_1
exit
INFO: [Common 17-206] Exiting Vivado at Sat May 21 18:33:02 2022...
