Vivado Simulator 2020.2
Copyright 1986-1999, 2001-2020 Xilinx, Inc. All Rights Reserved.
Running: C:/Xilinx/Vivado/2020.2/bin/unwrapped/win64.o/xelab.exe -wto 27a53ff9fcf84a80ada217cbeed8647d --incr --debug typical --relax --mt 2 -L xil_defaultlib -L unisims_ver -L unimacro_ver -L secureip --snapshot TB_behav xil_defaultlib.TB xil_defaultlib.glbl -log elaborate.log 
Using 2 slave threads.
Starting static elaboration
Pass Through NonSizing Optimizer
WARNING: [VRFC 10-3091] actual bit length 32 differs from formal bit length 1 for port 'en' [C:/Users/Vlad/Desktop/prescaler/prescaler.srcs/sources_1/new/prescaler.v:38]
Completed static elaboration
Starting simulation data flow analysis
Completed simulation data flow analysis
Time Resolution for simulation is 1ps
Compiling module xil_defaultlib.counter_3b
Compiling module xil_defaultlib.decoder
Compiling module xil_defaultlib.mux2b
Compiling module xil_defaultlib.prescaler
Compiling module xil_defaultlib.demux2
Compiling module xil_defaultlib.demux2(n=4)
Compiling module xil_defaultlib.osccon_reg
Compiling module xil_defaultlib.program_counter
Compiling module xil_defaultlib.ram_instr
Compiling module xil_defaultlib.TOP
Compiling module xil_defaultlib.TB
Compiling module xil_defaultlib.glbl
Built simulation snapshot TB_behav
