INFO: [VRFC 10-2263] Analyzing Verilog file "C:/Users/Vlad/Desktop/prescaler/prescaler.srcs/sources_1/new/TOP.v" into library xil_defaultlib
INFO: [VRFC 10-311] analyzing module TOP
INFO: [VRFC 10-2263] Analyzing Verilog file "C:/Users/Vlad/Desktop/prescaler/prescaler.srcs/sources_1/new/counter_3b.v" into library xil_defaultlib
INFO: [VRFC 10-311] analyzing module counter_3b
INFO: [VRFC 10-2263] Analyzing Verilog file "C:/Users/Vlad/Desktop/prescaler/prescaler.srcs/sources_1/new/decoder.v" into library xil_defaultlib
INFO: [VRFC 10-311] analyzing module decoder
INFO: [VRFC 10-2263] Analyzing Verilog file "C:/Users/Vlad/Desktop/prescaler/prescaler.srcs/sources_1/new/demux2.v" into library xil_defaultlib
INFO: [VRFC 10-311] analyzing module demux2
INFO: [VRFC 10-2263] Analyzing Verilog file "C:/Users/Vlad/Desktop/prescaler/prescaler.srcs/sources_1/new/mux2b.v" into library xil_defaultlib
INFO: [VRFC 10-311] analyzing module mux2b
INFO: [VRFC 10-2263] Analyzing Verilog file "C:/Users/Vlad/Desktop/prescaler/prescaler.srcs/sources_1/new/osccon_reg.v" into library xil_defaultlib
INFO: [VRFC 10-311] analyzing module osccon_reg
INFO: [VRFC 10-2263] Analyzing Verilog file "C:/Users/Vlad/Desktop/prescaler/prescaler.srcs/sources_1/new/prescaler.v" into library xil_defaultlib
INFO: [VRFC 10-311] analyzing module prescaler
INFO: [VRFC 10-2263] Analyzing Verilog file "C:/Users/Vlad/Desktop/prescaler/prescaler.srcs/sources_1/new/program_counter.v" into library xil_defaultlib
INFO: [VRFC 10-311] analyzing module program_counter
INFO: [VRFC 10-2263] Analyzing Verilog file "C:/Users/Vlad/Desktop/prescaler/prescaler.srcs/sources_1/new/ram_instr.v" into library xil_defaultlib
INFO: [VRFC 10-311] analyzing module ram_instr
INFO: [VRFC 10-2263] Analyzing Verilog file "C:/Users/Vlad/Desktop/prescaler/prescaler.srcs/sim_1/new/TB.v" into library xil_defaultlib
INFO: [VRFC 10-311] analyzing module TB
