#-----------------------------------------------------------
# Vivado v2020.2 (64-bit)
# SW Build 3064766 on Wed Nov 18 09:12:45 MST 2020
# IP Build 3064653 on Wed Nov 18 14:17:31 MST 2020
# Start of session at: Mon Apr  4 18:10:02 2022
# Process ID: 28780
# Current directory: C:/Users/Vlad/Desktop/Muxes
# Command line: vivado.exe -gui_launcher_event rodinguilauncherevent22300 C:\Users\Vlad\Desktop\Muxes\Muxes.xpr
# Log file: C:/Users/Vlad/Desktop/Muxes/vivado.log
# Journal file: C:/Users/Vlad/Desktop/Muxes\vivado.jou
#-----------------------------------------------------------
start_gui
open_project C:/Users/Vlad/Desktop/Muxes/Muxes.xpr
WARNING: [filemgmt 56-3] Default IP Output Path : Could not find the directory 'C:/Users/Vlad/Desktop/Muxes/Muxes.gen/sources_1'.
Scanning sources...
Finished scanning sources
INFO: [IP_Flow 19-234] Refreshing IP repositories
INFO: [IP_Flow 19-1704] No user IP repositories specified
INFO: [IP_Flow 19-2313] Loaded Vivado IP repository 'C:/Xilinx/Vivado/2020.2/data/ip'.
update_compile_order -fileset sources_1
exit
INFO: [Common 17-206] Exiting Vivado at Mon Apr  4 19:56:02 2022...
